<?xml version="1.0" encoding="UTF-8"?>
<!-- Generated by org.testng.reporters.JUnitXMLReporter -->
<testsuite hostname="DESKTOP-48CJMGQ" ignored="0" name="Default test" tests="3" failures="0" timestamp="06 Feb 2018 15:41:44 GMT" time="38.677" errors="0">
  <testcase name="validateLoginPage_Title" time="0.044" classname="com.qa.testcases.LoginPage_TestCase"/>
  <testcase name="validateLoginPage_Logo" time="0.337" classname="com.qa.testcases.LoginPage_TestCase"/>
  <testcase name="validateLoginPage_Credential" time="6.815" classname="com.qa.testcases.LoginPage_TestCase"/>
</testsuite> <!-- Default test -->
