<?xml version="1.0" encoding="UTF-8"?>
<!-- Generated by org.testng.reporters.JUnitXMLReporter -->
<testsuite hostname="DESKTOP-48CJMGQ" ignored="0" name="Default test" tests="3" failures="0" timestamp="08 Feb 2018 03:48:49 GMT" time="30.191" errors="0">
  <testcase name="validateLoginPage_Title" time="0.037" classname="com.qa.testcases.LoginPage_TestCase"/>
  <testcase name="validateLoginPage_Logo" time="0.097" classname="com.qa.testcases.LoginPage_TestCase"/>
  <testcase name="validateLoginPage_Credential" time="5.915" classname="com.qa.testcases.LoginPage_TestCase"/>
</testsuite> <!-- Default test -->
